12/27/2022 09:16:33 PM INFO:=====================WEATHER DATA INGESTION STARTED=====================
12/27/2022 09:16:33 PM INFO:Number of records ingested from file: USC00110072.txt = 10865
12/27/2022 09:16:34 PM INFO:Number of records ingested from file: USC00110187.txt = 10407
12/27/2022 09:16:34 PM INFO:Number of records ingested from file: USC00110338.txt = 10712
12/27/2022 09:16:35 PM INFO:Number of records ingested from file: USC00111280.txt = 9343
12/27/2022 09:16:35 PM INFO:Number of records ingested from file: USC00111436.txt = 10744
12/27/2022 09:16:36 PM INFO:Number of records ingested from file: USC00112140.txt = 10957
12/27/2022 09:16:36 PM INFO:Number of records ingested from file: USC00112193.txt = 10653
12/27/2022 09:16:37 PM INFO:Number of records ingested from file: USC00112348.txt = 9681
12/27/2022 09:16:37 PM INFO:Number of records ingested from file: USC00112483.txt = 10898
12/27/2022 09:16:37 PM INFO:Number of records ingested from file: USC00113335.txt = 10652
12/27/2022 09:16:38 PM INFO:Number of records ingested from file: USC00113879.txt = 9074
12/27/2022 09:16:38 PM INFO:Number of records ingested from file: USC00114108.txt = 10896
12/27/2022 09:16:39 PM INFO:Number of records ingested from file: USC00114198.txt = 10926
12/27/2022 09:16:39 PM INFO:Number of records ingested from file: USC00114442.txt = 10957
12/27/2022 09:16:40 PM INFO:Number of records ingested from file: USC00114823.txt = 10929
12/27/2022 09:16:40 PM INFO:Number of records ingested from file: USC00115079.txt = 10501
12/27/2022 09:16:41 PM INFO:Number of records ingested from file: USC00115326.txt = 10077
12/27/2022 09:16:41 PM INFO:Number of records ingested from file: USC00115515.txt = 6271
12/27/2022 09:16:42 PM INFO:Number of records ingested from file: USC00115712.txt = 10957
12/27/2022 09:16:42 PM INFO:Number of records ingested from file: USC00115768.txt = 10745
12/27/2022 09:16:43 PM INFO:Number of records ingested from file: USC00115833.txt = 10866
12/27/2022 09:16:43 PM INFO:Number of records ingested from file: USC00115901.txt = 10957
12/27/2022 09:16:44 PM INFO:Number of records ingested from file: USC00115943.txt = 10957
12/27/2022 09:16:44 PM INFO:Number of records ingested from file: USC00116446.txt = 10654
12/27/2022 09:16:45 PM INFO:Number of records ingested from file: USC00116526.txt = 10926
12/27/2022 09:16:45 PM INFO:Number of records ingested from file: USC00116558.txt = 10804
12/27/2022 09:16:46 PM INFO:Number of records ingested from file: USC00116579.txt = 10407
12/27/2022 09:16:46 PM INFO:Number of records ingested from file: USC00116610.txt = 10957
12/27/2022 09:16:46 PM INFO:Number of records ingested from file: USC00116738.txt = 8126
12/27/2022 09:16:47 PM INFO:Number of records ingested from file: USC00116910.txt = 10898
12/27/2022 09:16:47 PM INFO:Number of records ingested from file: USC00117551.txt = 10803
12/27/2022 09:16:48 PM INFO:Number of records ingested from file: USC00118147.txt = 9896
12/27/2022 09:16:48 PM INFO:Number of records ingested from file: USC00118740.txt = 10957
12/27/2022 09:16:49 PM INFO:Number of records ingested from file: USC00118916.txt = 10865
12/27/2022 09:16:49 PM INFO:Number of records ingested from file: USC00119241.txt = 10869
12/27/2022 09:16:50 PM INFO:Number of records ingested from file: USC00119354.txt = 10896
12/27/2022 09:16:50 PM INFO:Number of records ingested from file: USC00120177.txt = 10837
12/27/2022 09:16:51 PM INFO:Number of records ingested from file: USC00120200.txt = 10927
12/27/2022 09:16:51 PM INFO:Number of records ingested from file: USC00120676.txt = 10652
12/27/2022 09:16:52 PM INFO:Number of records ingested from file: USC00120784.txt = 10897
12/27/2022 09:16:52 PM INFO:Number of records ingested from file: USC00121030.txt = 10135
12/27/2022 09:16:53 PM INFO:Number of records ingested from file: USC00121229.txt = 6087
12/27/2022 09:16:53 PM INFO:Number of records ingested from file: USC00121425.txt = 5811
12/27/2022 09:16:53 PM INFO:Number of records ingested from file: USC00121747.txt = 10957
12/27/2022 09:16:54 PM INFO:Number of records ingested from file: USC00121873.txt = 10742
12/27/2022 09:16:54 PM INFO:Number of records ingested from file: USC00122149.txt = 9554
12/27/2022 09:16:55 PM INFO:Number of records ingested from file: USC00123418.txt = 10957
12/27/2022 09:16:55 PM INFO:Number of records ingested from file: USC00123513.txt = 10347
12/27/2022 09:16:56 PM INFO:Number of records ingested from file: USC00123527.txt = 10896
12/27/2022 09:16:56 PM INFO:Number of records ingested from file: USC00124008.txt = 5476
12/27/2022 09:16:57 PM INFO:Number of records ingested from file: USC00124181.txt = 10681
12/27/2022 09:16:57 PM INFO:Number of records ingested from file: USC00124837.txt = 10866
12/27/2022 09:16:58 PM INFO:Number of records ingested from file: USC00125237.txt = 10865
12/27/2022 09:16:58 PM INFO:Number of records ingested from file: USC00125337.txt = 10926
12/27/2022 09:16:59 PM INFO:Number of records ingested from file: USC00126001.txt = 10562
12/27/2022 09:16:59 PM INFO:Number of records ingested from file: USC00126580.txt = 10899
12/27/2022 09:17:00 PM INFO:Number of records ingested from file: USC00126705.txt = 10598
12/27/2022 09:17:00 PM INFO:Number of records ingested from file: USC00127125.txt = 10804
12/27/2022 09:17:01 PM INFO:Number of records ingested from file: USC00127298.txt = 10957
12/27/2022 09:17:01 PM INFO:Number of records ingested from file: USC00127482.txt = 10957
12/27/2022 09:17:02 PM INFO:Number of records ingested from file: USC00127522.txt = 10926
12/27/2022 09:17:02 PM INFO:Number of records ingested from file: USC00127646.txt = 10957
12/27/2022 09:17:03 PM INFO:Number of records ingested from file: USC00127755.txt = 8467
12/27/2022 09:17:03 PM INFO:Number of records ingested from file: USC00127875.txt = 8219
12/27/2022 09:17:03 PM INFO:Number of records ingested from file: USC00127935.txt = 10380
12/27/2022 09:17:04 PM INFO:Number of records ingested from file: USC00128036.txt = 10835
12/27/2022 09:17:04 PM INFO:Number of records ingested from file: USC00129080.txt = 7609
12/27/2022 09:17:05 PM INFO:Number of records ingested from file: USC00129113.txt = 10927
12/27/2022 09:17:05 PM INFO:Number of records ingested from file: USC00129253.txt = 10468
12/27/2022 09:17:06 PM INFO:Number of records ingested from file: USC00129511.txt = 6849
12/27/2022 09:17:06 PM INFO:Number of records ingested from file: USC00129557.txt = 10957
12/27/2022 09:17:07 PM INFO:Number of records ingested from file: USC00129670.txt = 10957
12/27/2022 09:17:07 PM INFO:Number of records ingested from file: USC00130112.txt = 10806
12/27/2022 09:17:08 PM INFO:Number of records ingested from file: USC00130133.txt = 10957
12/27/2022 09:17:08 PM INFO:Number of records ingested from file: USC00130600.txt = 10928
12/27/2022 09:17:09 PM INFO:Number of records ingested from file: USC00131402.txt = 10957
12/27/2022 09:17:09 PM INFO:Number of records ingested from file: USC00131533.txt = 10957
12/27/2022 09:17:10 PM INFO:Number of records ingested from file: USC00131635.txt = 10957
12/27/2022 09:17:10 PM INFO:Number of records ingested from file: USC00132724.txt = 10836
12/27/2022 09:17:11 PM INFO:Number of records ingested from file: USC00132789.txt = 10957
12/27/2022 09:17:11 PM INFO:Number of records ingested from file: USC00132864.txt = 10957
12/27/2022 09:17:12 PM INFO:Number of records ingested from file: USC00132977.txt = 10957
12/27/2022 09:17:12 PM INFO:Number of records ingested from file: USC00132999.txt = 10804
12/27/2022 09:17:13 PM INFO:Number of records ingested from file: USC00134063.txt = 10714
12/27/2022 09:17:13 PM INFO:Number of records ingested from file: USC00134142.txt = 10807
12/27/2022 09:17:14 PM INFO:Number of records ingested from file: USC00134735.txt = 10928
12/27/2022 09:17:14 PM INFO:Number of records ingested from file: USC00134894.txt = 10867
12/27/2022 09:17:15 PM INFO:Number of records ingested from file: USC00135769.txt = 10833
12/27/2022 09:17:15 PM INFO:Number of records ingested from file: USC00135796.txt = 10957
12/27/2022 09:17:16 PM INFO:Number of records ingested from file: USC00135952.txt = 10899
12/27/2022 09:17:16 PM INFO:Number of records ingested from file: USC00137147.txt = 10957
12/27/2022 09:17:17 PM INFO:Number of records ingested from file: USC00137161.txt = 10957
12/27/2022 09:17:17 PM INFO:Number of records ingested from file: USC00137979.txt = 10926
12/27/2022 09:17:18 PM INFO:Number of records ingested from file: USC00138296.txt = 10837
12/27/2022 09:17:18 PM INFO:Number of records ingested from file: USC00138688.txt = 10957
12/27/2022 09:17:19 PM INFO:Number of records ingested from file: USC00250070.txt = 8918
12/27/2022 09:17:19 PM INFO:Number of records ingested from file: USC00250130.txt = 9587
12/27/2022 09:17:19 PM INFO:Number of records ingested from file: USC00250375.txt = 10835
12/27/2022 09:17:20 PM INFO:Number of records ingested from file: USC00250420.txt = 10379
12/27/2022 09:17:20 PM INFO:Number of records ingested from file: USC00250435.txt = 10957
12/27/2022 09:17:21 PM INFO:Number of records ingested from file: USC00250622.txt = 10896
12/27/2022 09:17:22 PM INFO:Number of records ingested from file: USC00250640.txt = 10957
12/27/2022 09:17:22 PM INFO:Number of records ingested from file: USC00251145.txt = 10836
12/27/2022 09:17:23 PM INFO:Number of records ingested from file: USC00251200.txt = 10805
12/27/2022 09:17:23 PM INFO:Number of records ingested from file: USC00252020.txt = 10746
12/27/2022 09:17:24 PM INFO:Number of records ingested from file: USC00252100.txt = 10713
12/27/2022 09:17:24 PM INFO:Number of records ingested from file: USC00252205.txt = 10926
12/27/2022 09:17:25 PM INFO:Number of records ingested from file: USC00252820.txt = 10896
12/27/2022 09:17:25 PM INFO:Number of records ingested from file: USC00252840.txt = 9771
12/27/2022 09:17:25 PM INFO:Number of records ingested from file: USC00253035.txt = 2069
12/27/2022 09:17:26 PM INFO:Number of records ingested from file: USC00253175.txt = 10957
12/27/2022 09:17:26 PM INFO:Number of records ingested from file: USC00253185.txt = 10957
12/27/2022 09:17:27 PM INFO:Number of records ingested from file: USC00253365.txt = 10926
12/27/2022 09:17:27 PM INFO:Number of records ingested from file: USC00253615.txt = 10927
12/27/2022 09:17:28 PM INFO:Number of records ingested from file: USC00253630.txt = 10927
12/27/2022 09:17:28 PM INFO:Number of records ingested from file: USC00253660.txt = 10896
12/27/2022 09:17:29 PM INFO:Number of records ingested from file: USC00253715.txt = 8521
12/27/2022 09:17:29 PM INFO:Number of records ingested from file: USC00253735.txt = 10868
12/27/2022 09:17:30 PM INFO:Number of records ingested from file: USC00253910.txt = 10957
12/27/2022 09:17:30 PM INFO:Number of records ingested from file: USC00254110.txt = 10683
12/27/2022 09:17:31 PM INFO:Number of records ingested from file: USC00254440.txt = 10866
12/27/2022 09:17:31 PM INFO:Number of records ingested from file: USC00254900.txt = 10927
12/27/2022 09:17:32 PM INFO:Number of records ingested from file: USC00254985.txt = 9861
12/27/2022 09:17:32 PM INFO:Number of records ingested from file: USC00255080.txt = 9556
12/27/2022 09:17:33 PM INFO:Number of records ingested from file: USC00255310.txt = 10926
12/27/2022 09:17:33 PM INFO:Number of records ingested from file: USC00255470.txt = 8489
12/27/2022 09:17:33 PM INFO:Number of records ingested from file: USC00255565.txt = 10957
12/27/2022 09:17:34 PM INFO:Number of records ingested from file: USC00256040.txt = 9009
12/27/2022 09:17:34 PM INFO:Number of records ingested from file: USC00256135.txt = 10957
12/27/2022 09:17:35 PM INFO:Number of records ingested from file: USC00256570.txt = 10836
12/27/2022 09:17:35 PM INFO:Number of records ingested from file: USC00256970.txt = 10017
12/27/2022 09:17:36 PM INFO:Number of records ingested from file: USC00257070.txt = 10926
12/27/2022 09:17:36 PM INFO:Number of records ingested from file: USC00257515.txt = 10075
12/27/2022 09:17:37 PM INFO:Number of records ingested from file: USC00257715.txt = 10957
12/27/2022 09:17:37 PM INFO:Number of records ingested from file: USC00258133.txt = 9225
12/27/2022 09:17:38 PM INFO:Number of records ingested from file: USC00258395.txt = 10957
12/27/2022 09:17:38 PM INFO:Number of records ingested from file: USC00258465.txt = 10684
12/27/2022 09:17:39 PM INFO:Number of records ingested from file: USC00258480.txt = 10808
12/27/2022 09:17:39 PM INFO:Number of records ingested from file: USC00258915.txt = 10957
12/27/2022 09:17:40 PM INFO:Number of records ingested from file: USC00259090.txt = 9374
12/27/2022 09:17:40 PM INFO:Number of records ingested from file: USC00259510.txt = 8735
12/27/2022 09:17:41 PM INFO:Number of records ingested from file: USC00331072.txt = 10957
12/27/2022 09:17:41 PM INFO:Number of records ingested from file: USC00331152.txt = 8886
12/27/2022 09:17:42 PM INFO:Number of records ingested from file: USC00331541.txt = 10957
12/27/2022 09:17:42 PM INFO:Number of records ingested from file: USC00331592.txt = 10957
12/27/2022 09:17:43 PM INFO:Number of records ingested from file: USC00331890.txt = 10772
12/27/2022 09:17:43 PM INFO:Number of records ingested from file: USC00332098.txt = 10927
12/27/2022 09:17:43 PM INFO:Number of records ingested from file: USC00332119.txt = 5722
12/27/2022 09:17:44 PM INFO:Number of records ingested from file: USC00332791.txt = 10957
12/27/2022 09:17:44 PM INFO:Number of records ingested from file: USC00333375.txt = 10926
12/27/2022 09:17:45 PM INFO:Number of records ingested from file: USC00333758.txt = 10712
12/27/2022 09:17:45 PM INFO:Number of records ingested from file: USC00333780.txt = 10927
12/27/2022 09:17:46 PM INFO:Number of records ingested from file: USC00334189.txt = 10834
12/27/2022 09:17:46 PM INFO:Number of records ingested from file: USC00335041.txt = 10896
12/27/2022 09:17:47 PM INFO:Number of records ingested from file: USC00335297.txt = 9557
12/27/2022 09:17:47 PM INFO:Number of records ingested from file: USC00335315.txt = 9768
12/27/2022 09:17:48 PM INFO:Number of records ingested from file: USC00336118.txt = 10957
12/27/2022 09:17:48 PM INFO:Number of records ingested from file: USC00336196.txt = 10957
12/27/2022 09:17:49 PM INFO:Number of records ingested from file: USC00336600.txt = 10561
12/27/2022 09:17:49 PM INFO:Number of records ingested from file: USC00336781.txt = 10927
12/27/2022 09:17:50 PM INFO:Number of records ingested from file: USC00338313.txt = 9862
12/27/2022 09:17:50 PM INFO:Number of records ingested from file: USC00338534.txt = 10469
12/27/2022 09:17:51 PM INFO:Number of records ingested from file: USC00338552.txt = 10896
12/27/2022 09:17:51 PM INFO:Number of records ingested from file: USC00338769.txt = 10957
12/27/2022 09:17:52 PM INFO:Number of records ingested from file: USC00338822.txt = 10957
12/27/2022 09:17:52 PM INFO:Number of records ingested from file: USC00338830.txt = 10957
12/27/2022 09:17:53 PM INFO:Number of records ingested from file: USC00339312.txt = 10957
12/27/2022 09:17:53 PM INFO:Data ingestion started at: 2022-12-27 21:16:33.213804
12/27/2022 09:17:53 PM INFO:Data ingestion ended at: 2022-12-27 21:17:53.482182
12/27/2022 09:17:53 PM INFO:Total number of files processed: 167
12/27/2022 09:17:53 PM INFO:Total number of records found: 1729957
12/27/2022 09:17:53 PM INFO:Total number of duplicate records found: 0
12/27/2022 09:17:53 PM INFO:Data ingestion took: 80.268378 seconds to ingest 1729957 records
12/27/2022 09:17:53 PM INFO:=====================WEATHER DATA INGESTION ENDED=====================

